2025-08-15 23:35:16,766 - discord.client - WARNING - PyNaCl is not installed, voice will NOT be supported
2025-08-15 23:35:16,773 - discord.client - INFO - logging in using static token
2025-08-15 23:35:17,949 - discord.gateway - INFO - Shard ID None has connected to Gateway (Session ID: c5167c52abb094009ae98e07f4472fe8).
2025-08-16 00:10:11,813 - discord_client - ERROR - /status error: 'TradingBot' object has no attribute 'get_status'
Traceback (most recent call last):
  File "/app/discord_client.py", line 527, in status_cmd
    status = await asyncio.to_thread(self.main_bot.get_status)
AttributeError: 'TradingBot' object has no attribute 'get_status'
2025-08-16 00:10:55,356 - discord_client - ERROR - /status error: 'TradingBot' object has no attribute 'get_status'
Traceback (most recent call last):
  File "/app/discord_client.py", line 527, in status_cmd
    status = await asyncio.to_thread(self.main_bot.get_status)
AttributeError: 'TradingBot' object has no attribute 'get_status'
2025-08-16 00:40:11,200 - binance_handler - ERROR - Błąd sprawdzania pozycji: HTTPSConnectionPool(host='testnet.binancefuture.com', port=443): Read timed out.
2025-08-16 00:55:09,154 - binance_handler - ERROR - Nie udało się ustawić SL dla ETHUSDT: APIError(code=-1111): Precision is over the maximum defined for this asset.
2025-08-16 00:55:15,463 - discord.gateway - INFO - Shard ID None has successfully RESUMED session c5167c52abb094009ae98e07f4472fe8.
2025-08-16 01:37:02,877 - discord.gateway - INFO - Shard ID None has successfully RESUMED session c5167c52abb094009ae98e07f4472fe8.
2025-08-16 02:55:08,060 - binance_handler - ERROR - Nie udało się ustawić SL dla ETHUSDT: APIError(code=-2021): Order would immediately trigger.
2025-08-16 03:05:25,944 - discord.gateway - INFO - Shard ID None has successfully RESUMED session c5167c52abb094009ae98e07f4472fe8.
2025-08-16 03:50:10,011 - binance_handler - ERROR - Zlecenie odrzucone przez Binance: Timeout waiting for response from backend server. Send status unknown; execution status unknown.. Przerywam.
2025-08-16 03:50:10,013 - bot - ERROR - Nie udało się złożyć zlecenia w BinanceHandler.
2025-08-16 06:43:37,928 - discord.gateway - INFO - Shard ID None has successfully RESUMED session c5167c52abb094009ae98e07f4472fe8.
2025-08-16 08:20:50,900 - discord.gateway - INFO - Shard ID None has successfully RESUMED session c5167c52abb094009ae98e07f4472fe8.
2025-08-16 10:01:18,166 - binance_handler - WARNING - Otrzymano żądanie zamknięcia 3 pozycji.
2025-08-16 10:01:55,191 - discord_client - ERROR - /status error: 'TradingBot' object has no attribute 'get_status'
Traceback (most recent call last):
  File "/app/discord_client.py", line 527, in status_cmd
    status = await asyncio.to_thread(self.main_bot.get_status)
AttributeError: 'TradingBot' object has no attribute 'get_status'
2025-08-16 10:33:24,713 - discord_client - ERROR - /status error: 'TradingBot' object has no attribute 'get_status'
Traceback (most recent call last):
  File "/app/discord_client.py", line 527, in status_cmd
    status = await asyncio.to_thread(self.main_bot.get_status)
AttributeError: 'TradingBot' object has no attribute 'get_status'
